# JRE version: Java(TM) SE Runtime Environment (8.0_152-b16) (build 1.8.0_152-b16)
# Java VM: Java HotSpot(TM) 64-Bit Server VM (25.152-b16 mixed mode windows-amd64 compressed oops)
Heap:
 PSYoungGen      total 284672K, used 21488K [0x0000000715d80000, 0x0000000738980000, 0x00000007c0000000)
  eden space 263168K, 0% used [0x0000000715d80000,0x0000000715d80000,0x0000000725e80000)
  from space 21504K, 99% used [0x0000000725e80000,0x000000072737c3f0,0x0000000727380000)
  to   space 21504K, 0% used [0x0000000737480000,0x0000000737480000,0x0000000738980000)
 ParOldGen       total 349696K, used 34656K [0x00000005c1800000, 0x00000005d6d80000, 0x0000000715d80000)
  object space 349696K, 9% used [0x00000005c1800000,0x00000005c39d8298,0x00000005d6d80000)
 Metaspace       used 20400K, capacity 21122K, committed 21296K, reserved 1069056K
  class space    used 2400K, capacity 2621K, committed 2688K, reserved 1048576K
GC Heap History (7 events):
Event: 1.722 GC heap before
{Heap before GC invocations=1 (full 0):
 PSYoungGen      total 153088K, used 131584K [0x0000000715d80000, 0x0000000720800000, 0x00000007c0000000)
  eden space 131584K, 100% used [0x0000000715d80000,0x000000071de00000,0x000000071de00000)
  from space 21504K, 0% used [0x000000071f300000,0x000000071f300000,0x0000000720800000)
  to   space 21504K, 0% used [0x000000071de00000,0x000000071de00000,0x000000071f300000)
 ParOldGen       total 349696K, used 0K [0x00000005c1800000, 0x00000005d6d80000, 0x0000000715d80000)
  object space 349696K, 0% used [0x00000005c1800000,0x00000005c1800000,0x00000005d6d80000)
 Metaspace       used 14690K, capacity 14970K, committed 15232K, reserved 1062912K
  class space    used 1792K, capacity 1881K, committed 1920K, reserved 1048576K
Event: 1.742 GC heap after
Heap after GC invocations=1 (full 0):
 PSYoungGen      total 153088K, used 21482K [0x0000000715d80000, 0x0000000728880000, 0x00000007c0000000)
  eden space 131584K, 0% used [0x0000000715d80000,0x0000000715d80000,0x000000071de00000)
  from space 21504K, 99% used [0x000000071de00000,0x000000071f2faaa8,0x000000071f300000)
  to   space 21504K, 0% used [0x0000000727380000,0x0000000727380000,0x0000000728880000)
 ParOldGen       total 349696K, used 61K [0x00000005c1800000, 0x00000005d6d80000, 0x0000000715d80000)
  object space 349696K, 0% used [0x00000005c1800000,0x00000005c180f450,0x00000005d6d80000)
 Metaspace       used 14690K, capacity 14970K, committed 15232K, reserved 1062912K
  class space    used 1792K, capacity 1881K, committed 1920K, reserved 1048576K
}
Event: 2.189 GC heap before
{Heap before GC invocations=2 (full 0):
 PSYoungGen      total 153088K, used 153066K [0x0000000715d80000, 0x0000000728880000, 0x00000007c0000000)
  eden space 131584K, 100% used [0x0000000715d80000,0x000000071de00000,0x000000071de00000)
  from space 21504K, 99% used [0x000000071de00000,0x000000071f2faaa8,0x000000071f300000)
  to   space 21504K, 0% used [0x0000000727380000,0x0000000727380000,0x0000000728880000)
 ParOldGen       total 349696K, used 61K [0x00000005c1800000, 0x00000005d6d80000, 0x0000000715d80000)
  object space 349696K, 0% used [0x00000005c1800000,0x00000005c180f450,0x00000005d6d80000)
 Metaspace       used 14989K, capacity 15262K, committed 15488K, reserved 1062912K
  class space    used 1796K, capacity 1887K, committed 1920K, reserved 1048576K
Event: 2.228 GC heap after
Heap after GC invocations=2 (full 0):
 PSYoungGen      total 284672K, used 21488K [0x0000000715d80000, 0x0000000728880000, 0x00000007c0000000)
  eden space 263168K, 0% used [0x0000000715d80000,0x0000000715d80000,0x0000000725e80000)
  from space 21504K, 99% used [0x0000000727380000,0x000000072887c030,0x0000000728880000)
  to   space 21504K, 0% used [0x0000000725e80000,0x0000000725e80000,0x0000000727380000)
 ParOldGen       total 349696K, used 13317K [0x00000005c1800000, 0x00000005d6d80000, 0x0000000715d80000)
  object space 349696K, 3% used [0x00000005c1800000,0x00000005c2501490,0x00000005d6d80000)
 Metaspace       used 14989K, capacity 15262K, committed 15488K, reserved 1062912K
  class space    used 1796K, capacity 1887K, committed 1920K, reserved 1048576K
}
Event: 4.302 GC heap before
{Heap before GC invocations=3 (full 0):
 PSYoungGen      total 284672K, used 261165K [0x0000000715d80000, 0x0000000728880000, 0x00000007c0000000)
  eden space 263168K, 91% used [0x0000000715d80000,0x000000072478f528,0x0000000725e80000)
  from space 21504K, 99% used [0x0000000727380000,0x000000072887c030,0x0000000728880000)
  to   space 21504K, 0% used [0x0000000725e80000,0x0000000725e80000,0x0000000727380000)
 ParOldGen       total 349696K, used 13317K [0x00000005c1800000, 0x00000005d6d80000, 0x0000000715d80000)
  object space 349696K, 3% used [0x00000005c1800000,0x00000005c2501490,0x00000005d6d80000)
 Metaspace       used 20400K, capacity 21122K, committed 21296K, reserved 1069056K
  class space    used 2400K, capacity 2621K, committed 2688K, reserved 1048576K
Event: 4.351 GC heap after
Heap after GC invocations=3 (full 0):
 PSYoungGen      total 284672K, used 21488K [0x0000000715d80000, 0x0000000738980000, 0x00000007c0000000)
  eden space 263168K, 0% used [0x0000000715d80000,0x0000000715d80000,0x0000000725e80000)
  from space 21504K, 99% used [0x0000000725e80000,0x000000072737c3f0,0x0000000727380000)
  to   space 21504K, 0% used [0x0000000737480000,0x0000000737480000,0x0000000738980000)
 ParOldGen       total 349696K, used 34656K [0x00000005c1800000, 0x00000005d6d80000, 0x0000000715d80000)
  object space 349696K, 9% used [0x00000005c1800000,0x00000005c39d8298,0x00000005d6d80000)
 Metaspace       used 20400K, capacity 21122K, committed 21296K, reserved 1069056K
  class space    used 2400K, capacity 2621K, committed 2688K, reserved 1048576K
}
Event: 4.351 GC heap before
{Heap before GC invocations=4 (full 1):
 PSYoungGen      total 284672K, used 21488K [0x0000000715d80000, 0x0000000738980000, 0x00000007c0000000)
  eden space 263168K, 0% used [0x0000000715d80000,0x0000000715d80000,0x0000000725e80000)
  from space 21504K, 99% used [0x0000000725e80000,0x000000072737c3f0,0x0000000727380000)
  to   space 21504K, 0% used [0x0000000737480000,0x0000000737480000,0x0000000738980000)
 ParOldGen       total 349696K, used 34656K [0x00000005c1800000, 0x00000005d6d80000, 0x0000000715d80000)
  object space 349696K, 9% used [0x00000005c1800000,0x00000005c39d8298,0x00000005d6d80000)
 Metaspace       used 20400K, capacity 21122K, committed 21296K, reserved 1069056K
  class space    used 2400K, capacity 2621K, committed 2688K, reserved 1048576K

